<?xml version="1.0" encoding="UTF-8"?>
<!-- Generated by org.testng.reporters.JUnitReportReporter -->
<testsuite skipped="0" hostname="Sudharsan" name="org.sample.Sample" tests="2" failures="0" timestamp="01 Dec 2022 04:42:32 GMT" time="1.835" errors="0">
  <testcase name="tc2" time="0.760" classname="org.sample.Sample"/>
  <testcase name="tc1" time="1.075" classname="org.sample.Sample"/>
</testsuite> <!-- org.sample.Sample -->
